mode: set
workup_fitness/domain/user/handler.go:28.52,30.2 1 1
workup_fitness/domain/user/handler.go:32.57,35.9 3 1
workup_fitness/domain/user/handler.go:35.9,37.3 1 1
workup_fitness/domain/user/handler.go:38.2,38.20 1 1
workup_fitness/domain/user/handler.go:41.77,42.32 1 1
workup_fitness/domain/user/handler.go:42.32,45.3 2 0
workup_fitness/domain/user/handler.go:47.2,50.16 3 1
workup_fitness/domain/user/handler.go:50.16,53.3 2 1
workup_fitness/domain/user/handler.go:55.2,56.16 2 1
workup_fitness/domain/user/handler.go:56.16,59.3 2 1
workup_fitness/domain/user/handler.go:61.2,67.56 6 1
workup_fitness/domain/user/handler.go:67.56,70.3 2 0
workup_fitness/domain/user/handler.go:73.76,74.32 1 1
workup_fitness/domain/user/handler.go:74.32,77.3 2 0
workup_fitness/domain/user/handler.go:79.2,82.16 3 1
workup_fitness/domain/user/handler.go:82.16,85.3 2 1
workup_fitness/domain/user/handler.go:87.2,89.16 2 1
workup_fitness/domain/user/handler.go:89.16,92.3 2 1
workup_fitness/domain/user/handler.go:94.2,100.56 6 1
workup_fitness/domain/user/handler.go:100.56,103.3 2 0
workup_fitness/domain/user/handler.go:106.66,107.32 1 1
workup_fitness/domain/user/handler.go:107.32,110.3 2 0
workup_fitness/domain/user/handler.go:112.2,115.16 3 1
workup_fitness/domain/user/handler.go:115.16,118.3 2 1
workup_fitness/domain/user/handler.go:120.2,121.61 2 1
workup_fitness/domain/user/handler.go:121.61,124.3 2 0
workup_fitness/domain/user/handler.go:126.2,132.24 2 1
workup_fitness/domain/user/handler.go:132.24,134.17 2 1
workup_fitness/domain/user/handler.go:134.17,137.4 2 0
workup_fitness/domain/user/handler.go:139.3,139.45 1 1
workup_fitness/domain/user/handler.go:142.2,142.24 1 1
workup_fitness/domain/user/handler.go:142.24,144.3 1 1
workup_fitness/domain/user/handler.go:146.2,146.52 1 1
workup_fitness/domain/user/handler.go:146.52,149.3 2 1
workup_fitness/domain/user/handler.go:151.2,152.56 2 1
workup_fitness/domain/user/handler.go:152.56,155.3 2 0
workup_fitness/domain/user/handler.go:158.66,159.35 1 1
workup_fitness/domain/user/handler.go:159.35,162.3 2 0
workup_fitness/domain/user/handler.go:164.2,167.16 3 1
workup_fitness/domain/user/handler.go:167.16,170.3 2 1
workup_fitness/domain/user/handler.go:172.2,173.16 2 1
workup_fitness/domain/user/handler.go:173.16,176.3 2 1
workup_fitness/domain/user/handler.go:178.2,178.36 1 1
workup_fitness/domain/user/repository.go:20.49,22.2 1 1
workup_fitness/domain/user/repository.go:24.84,29.16 2 1
workup_fitness/domain/user/repository.go:29.16,31.3 1 0
workup_fitness/domain/user/repository.go:33.2,34.16 2 1
workup_fitness/domain/user/repository.go:34.16,36.3 1 0
workup_fitness/domain/user/repository.go:37.2,37.21 1 1
workup_fitness/domain/user/repository.go:40.98,47.16 4 1
workup_fitness/domain/user/repository.go:47.16,49.3 1 0
workup_fitness/domain/user/repository.go:50.2,50.19 1 1
workup_fitness/domain/user/repository.go:53.83,60.16 4 1
workup_fitness/domain/user/repository.go:60.16,62.3 1 1
workup_fitness/domain/user/repository.go:63.2,63.19 1 1
workup_fitness/domain/user/repository.go:66.77,72.2 2 1
workup_fitness/domain/user/repository.go:74.73,80.2 2 1
workup_fitness/domain/user/service.go:13.43,15.2 1 1
workup_fitness/domain/user/service.go:17.93,18.20 1 1
workup_fitness/domain/user/service.go:18.20,20.3 1 1
workup_fitness/domain/user/service.go:21.2,21.24 1 1
workup_fitness/domain/user/service.go:21.24,23.3 1 1
workup_fitness/domain/user/service.go:24.2,25.19 2 1
workup_fitness/domain/user/service.go:25.19,27.3 1 1
workup_fitness/domain/user/service.go:28.2,30.16 3 1
workup_fitness/domain/user/service.go:30.16,32.3 1 0
workup_fitness/domain/user/service.go:33.2,34.18 2 1
workup_fitness/domain/user/service.go:37.71,39.35 2 1
workup_fitness/domain/user/service.go:39.35,41.3 1 1
workup_fitness/domain/user/service.go:42.2,42.16 1 1
workup_fitness/domain/user/service.go:42.16,44.3 1 0
workup_fitness/domain/user/service.go:45.2,45.19 1 1
workup_fitness/domain/user/service.go:48.86,50.35 2 1
workup_fitness/domain/user/service.go:50.35,52.3 1 1
workup_fitness/domain/user/service.go:53.2,53.16 1 1
workup_fitness/domain/user/service.go:53.16,55.3 1 0
workup_fitness/domain/user/service.go:56.2,56.19 1 1
workup_fitness/domain/user/service.go:59.65,61.16 2 1
workup_fitness/domain/user/service.go:61.16,63.3 1 1
workup_fitness/domain/user/service.go:64.2,65.18 2 1
workup_fitness/domain/user/service.go:65.18,67.3 1 1
workup_fitness/domain/user/service.go:68.2,68.33 1 1
workup_fitness/domain/user/service.go:71.61,73.16 2 1
workup_fitness/domain/user/service.go:73.16,75.3 1 1
workup_fitness/domain/user/service.go:76.2,76.31 1 1
workup_fitness/domain/auth/handler.go:25.67,27.2 1 1
workup_fitness/domain/auth/handler.go:29.79,34.16 3 1
workup_fitness/domain/auth/handler.go:34.16,36.3 1 0
workup_fitness/domain/auth/handler.go:37.2,45.18 2 1
workup_fitness/domain/auth/handler.go:48.68,49.33 1 1
workup_fitness/domain/auth/handler.go:49.33,52.3 2 1
workup_fitness/domain/auth/handler.go:54.2,56.61 2 1
workup_fitness/domain/auth/handler.go:56.61,59.3 2 1
workup_fitness/domain/auth/handler.go:61.2,62.16 2 1
workup_fitness/domain/auth/handler.go:62.16,65.3 2 1
workup_fitness/domain/auth/handler.go:67.2,68.16 2 1
workup_fitness/domain/auth/handler.go:68.16,71.3 2 0
workup_fitness/domain/auth/handler.go:73.2,74.56 2 1
workup_fitness/domain/auth/handler.go:74.56,77.3 2 0
workup_fitness/domain/auth/handler.go:80.65,81.33 1 1
workup_fitness/domain/auth/handler.go:81.33,84.3 2 1
workup_fitness/domain/auth/handler.go:86.2,88.61 2 1
workup_fitness/domain/auth/handler.go:88.61,91.3 2 1
workup_fitness/domain/auth/handler.go:93.2,94.16 2 1
workup_fitness/domain/auth/handler.go:94.16,97.3 2 1
workup_fitness/domain/auth/handler.go:99.2,100.16 2 1
workup_fitness/domain/auth/handler.go:100.16,103.3 2 0
workup_fitness/domain/auth/handler.go:105.2,106.56 2 1
workup_fitness/domain/auth/handler.go:106.56,109.3 2 0
workup_fitness/domain/auth/service.go:21.47,23.2 1 1
workup_fitness/domain/auth/service.go:25.96,26.20 1 1
workup_fitness/domain/auth/service.go:26.20,28.3 1 1
workup_fitness/domain/auth/service.go:29.2,29.20 1 1
workup_fitness/domain/auth/service.go:29.20,31.3 1 1
workup_fitness/domain/auth/service.go:33.2,34.16 2 1
workup_fitness/domain/auth/service.go:34.16,36.3 1 0
workup_fitness/domain/auth/service.go:38.2,39.16 2 1
workup_fitness/domain/auth/service.go:39.16,41.3 1 1
workup_fitness/domain/auth/service.go:43.2,43.18 1 1
workup_fitness/domain/auth/service.go:46.93,48.16 2 1
workup_fitness/domain/auth/service.go:48.16,50.3 1 1
workup_fitness/domain/auth/service.go:52.2,53.16 2 1
workup_fitness/domain/auth/service.go:53.16,55.3 1 1
workup_fitness/domain/auth/service.go:57.2,57.18 1 1
