mode: set
workup_fitness/main.go:18.13,23.16 4 0
workup_fitness/main.go:23.16,25.3 1 0
workup_fitness/main.go:26.2,28.34 2 0
workup_fitness/main.go:28.34,30.3 1 0
workup_fitness/main.go:32.2,45.16 11 0
workup_fitness/main.go:45.16,47.3 1 0
workup_fitness/config/config.go:15.19,17.16 2 0
workup_fitness/config/config.go:17.16,19.3 1 0
workup_fitness/config/config.go:21.2,22.38 2 0
workup_fitness/config/config.go:25.42,26.40 1 0
workup_fitness/config/config.go:26.40,28.3 1 0
workup_fitness/config/config.go:29.2,29.17 1 0
workup_fitness/domain/auth/mocks/mock_service.go:33.59,37.2 3 0
workup_fitness/domain/auth/mocks/mock_service.go:40.57,42.2 1 0
workup_fitness/domain/auth/mocks/mock_service.go:45.97,51.2 5 0
workup_fitness/domain/auth/mocks/mock_service.go:54.84,57.2 2 0
workup_fitness/domain/auth/mocks/mock_service.go:60.100,66.2 5 0
workup_fitness/domain/auth/mocks/mock_service.go:69.87,72.2 2 0
workup_fitness/domain/simulator/repository.go:20.49,22.2 1 1
workup_fitness/domain/simulator/repository.go:24.94,29.16 2 1
workup_fitness/domain/simulator/repository.go:29.16,31.3 1 0
workup_fitness/domain/simulator/repository.go:33.2,34.16 2 1
workup_fitness/domain/simulator/repository.go:34.16,36.3 1 0
workup_fitness/domain/simulator/repository.go:37.2,37.21 1 1
workup_fitness/domain/simulator/repository.go:40.88,47.16 4 1
workup_fitness/domain/simulator/repository.go:47.16,49.3 1 1
workup_fitness/domain/simulator/repository.go:50.2,50.24 1 1
workup_fitness/domain/simulator/repository.go:53.95,60.16 4 1
workup_fitness/domain/simulator/repository.go:60.16,62.3 1 0
workup_fitness/domain/simulator/repository.go:63.2,63.24 1 1
workup_fitness/domain/simulator/repository.go:66.87,72.2 2 1
workup_fitness/domain/simulator/repository.go:74.73,80.2 2 1
workup_fitness/domain/simulator/service.go:15.43,17.2 1 0
workup_fitness/domain/simulator/service.go:19.71,20.36 1 0
workup_fitness/domain/simulator/service.go:20.36,22.3 1 0
workup_fitness/domain/simulator/service.go:24.2,24.26 1 0
workup_fitness/domain/simulator/service.go:24.26,26.3 1 0
workup_fitness/domain/simulator/service.go:28.2,28.28 1 0
workup_fitness/domain/simulator/service.go:28.28,30.3 1 0
workup_fitness/domain/simulator/service.go:32.2,32.53 1 0
workup_fitness/domain/simulator/service.go:32.53,34.3 1 0
workup_fitness/domain/simulator/service.go:36.2,36.50 1 0
workup_fitness/domain/simulator/service.go:36.50,38.3 1 0
workup_fitness/domain/simulator/service.go:40.2,40.50 1 0
workup_fitness/domain/simulator/service.go:40.50,42.3 1 0
workup_fitness/domain/simulator/service.go:43.2,43.12 1 0
workup_fitness/domain/simulator/service.go:46.140,48.19 2 0
workup_fitness/domain/simulator/service.go:48.19,50.3 1 0
workup_fitness/domain/simulator/service.go:52.2,53.16 2 0
workup_fitness/domain/simulator/service.go:53.16,55.3 1 0
workup_fitness/domain/simulator/service.go:57.2,59.16 3 0
workup_fitness/domain/simulator/service.go:59.16,61.3 1 0
workup_fitness/domain/simulator/service.go:62.2,63.23 2 0
workup_fitness/domain/simulator/service.go:66.76,68.35 2 0
workup_fitness/domain/simulator/service.go:68.35,70.3 1 0
workup_fitness/domain/simulator/service.go:71.2,71.16 1 0
workup_fitness/domain/simulator/service.go:71.16,73.3 1 0
workup_fitness/domain/simulator/service.go:74.2,74.19 1 0
workup_fitness/domain/simulator/service.go:77.83,79.35 2 0
workup_fitness/domain/simulator/service.go:79.35,81.3 1 0
workup_fitness/domain/simulator/service.go:82.2,82.16 1 0
workup_fitness/domain/simulator/service.go:82.16,84.3 1 0
workup_fitness/domain/simulator/service.go:85.2,85.19 1 0
workup_fitness/domain/simulator/service.go:88.75,90.16 2 0
workup_fitness/domain/simulator/service.go:90.16,92.3 1 0
workup_fitness/domain/simulator/service.go:93.2,94.18 2 0
workup_fitness/domain/simulator/service.go:94.18,96.3 1 0
workup_fitness/domain/simulator/service.go:98.2,99.16 2 0
workup_fitness/domain/simulator/service.go:99.16,101.3 1 0
workup_fitness/domain/simulator/service.go:103.2,103.38 1 0
workup_fitness/domain/simulator/service.go:106.61,108.16 2 0
workup_fitness/domain/simulator/service.go:108.16,110.3 1 0
workup_fitness/domain/simulator/service.go:111.2,111.31 1 0
workup_fitness/pkg/httpx/errors.go:7.46,9.2 1 0
workup_fitness/pkg/httpx/errors.go:11.52,13.2 1 0
workup_fitness/pkg/httpx/errors.go:15.54,17.2 1 0
workup_fitness/pkg/httpx/errors.go:19.60,21.2 1 0
workup_fitness/pkg/logger/logger.go:10.14,17.2 3 0
workup_fitness/domain/user/mocks/mock_repository.go:33.65,37.2 3 0
workup_fitness/domain/user/mocks/mock_repository.go:40.63,42.2 1 0
workup_fitness/domain/user/mocks/mock_repository.go:45.84,51.2 5 0
workup_fitness/domain/user/mocks/mock_repository.go:54.74,57.2 2 0
workup_fitness/domain/user/mocks/mock_repository.go:60.68,65.2 4 0
workup_fitness/domain/user/mocks/mock_repository.go:68.72,71.2 2 0
workup_fitness/domain/user/mocks/mock_repository.go:74.83,80.2 5 0
workup_fitness/domain/user/mocks/mock_repository.go:83.73,86.2 2 0
workup_fitness/domain/user/mocks/mock_repository.go:89.98,95.2 5 0
workup_fitness/domain/user/mocks/mock_repository.go:98.85,101.2 2 0
workup_fitness/domain/user/mocks/mock_repository.go:104.77,109.2 4 0
workup_fitness/domain/user/mocks/mock_repository.go:112.74,115.2 2 0
workup_fitness/domain/user/mocks/mock_service.go:33.59,37.2 3 0
workup_fitness/domain/user/mocks/mock_service.go:40.57,42.2 1 0
workup_fitness/domain/user/mocks/mock_service.go:45.102,51.2 5 0
workup_fitness/domain/user/mocks/mock_service.go:54.89,57.2 2 0
workup_fitness/domain/user/mocks/mock_service.go:60.65,65.2 4 0
workup_fitness/domain/user/mocks/mock_service.go:68.69,71.2 2 0
workup_fitness/domain/user/mocks/mock_service.go:74.80,80.2 5 0
workup_fitness/domain/user/mocks/mock_service.go:83.70,86.2 2 0
workup_fitness/domain/user/mocks/mock_service.go:89.95,95.2 5 0
workup_fitness/domain/user/mocks/mock_service.go:98.82,101.2 2 0
workup_fitness/domain/user/mocks/mock_service.go:104.74,109.2 4 0
workup_fitness/domain/user/mocks/mock_service.go:112.71,115.2 2 0
workup_fitness/internal/testutil/test_db.go:13.40,29.2 10 0
workup_fitness/middleware/auth.go:15.58,16.46 1 0
workup_fitness/middleware/auth.go:16.46,17.72 1 0
workup_fitness/middleware/auth.go:17.72,19.69 2 0
workup_fitness/middleware/auth.go:19.69,22.5 2 0
workup_fitness/middleware/auth.go:24.4,25.82 2 0
workup_fitness/middleware/auth.go:25.82,27.5 1 0
workup_fitness/middleware/auth.go:28.4,28.34 1 0
workup_fitness/middleware/auth.go:28.34,31.5 2 0
workup_fitness/middleware/auth.go:33.4,34.11 2 0
workup_fitness/middleware/auth.go:34.11,37.5 2 0
workup_fitness/middleware/auth.go:39.4,41.41 3 0
workup_fitness/domain/user/handler.go:28.52,30.2 1 1
workup_fitness/domain/user/handler.go:32.57,35.9 3 1
workup_fitness/domain/user/handler.go:35.9,37.3 1 1
workup_fitness/domain/user/handler.go:38.2,38.20 1 1
workup_fitness/domain/user/handler.go:41.77,42.32 1 1
workup_fitness/domain/user/handler.go:42.32,45.3 2 0
workup_fitness/domain/user/handler.go:47.2,50.16 3 1
workup_fitness/domain/user/handler.go:50.16,53.3 2 1
workup_fitness/domain/user/handler.go:55.2,56.16 2 1
workup_fitness/domain/user/handler.go:56.16,59.3 2 1
workup_fitness/domain/user/handler.go:61.2,67.56 6 1
workup_fitness/domain/user/handler.go:67.56,70.3 2 0
workup_fitness/domain/user/handler.go:73.76,74.32 1 1
workup_fitness/domain/user/handler.go:74.32,77.3 2 0
workup_fitness/domain/user/handler.go:79.2,82.16 3 1
workup_fitness/domain/user/handler.go:82.16,85.3 2 1
workup_fitness/domain/user/handler.go:87.2,89.16 2 1
workup_fitness/domain/user/handler.go:89.16,92.3 2 1
workup_fitness/domain/user/handler.go:94.2,100.56 6 1
workup_fitness/domain/user/handler.go:100.56,103.3 2 0
workup_fitness/domain/user/handler.go:106.66,107.32 1 1
workup_fitness/domain/user/handler.go:107.32,110.3 2 0
workup_fitness/domain/user/handler.go:112.2,115.16 3 1
workup_fitness/domain/user/handler.go:115.16,118.3 2 0
workup_fitness/domain/user/handler.go:120.2,121.61 2 1
workup_fitness/domain/user/handler.go:121.61,124.3 2 0
workup_fitness/domain/user/handler.go:126.2,134.24 2 1
workup_fitness/domain/user/handler.go:134.24,136.17 2 1
workup_fitness/domain/user/handler.go:136.17,139.4 2 0
workup_fitness/domain/user/handler.go:141.3,141.45 1 1
workup_fitness/domain/user/handler.go:144.2,144.24 1 1
workup_fitness/domain/user/handler.go:144.24,146.3 1 1
workup_fitness/domain/user/handler.go:148.2,148.52 1 1
workup_fitness/domain/user/handler.go:148.52,149.38 1 1
workup_fitness/domain/user/handler.go:149.38,152.4 2 0
workup_fitness/domain/user/handler.go:154.3,155.9 2 1
workup_fitness/domain/user/handler.go:158.2,159.56 2 1
workup_fitness/domain/user/handler.go:159.56,162.3 2 0
workup_fitness/domain/user/handler.go:165.66,166.35 1 1
workup_fitness/domain/user/handler.go:166.35,169.3 2 0
workup_fitness/domain/user/handler.go:171.2,174.16 3 1
workup_fitness/domain/user/handler.go:174.16,177.3 2 0
workup_fitness/domain/user/handler.go:179.2,180.16 2 1
workup_fitness/domain/user/handler.go:180.16,183.3 2 1
workup_fitness/domain/user/handler.go:185.2,185.36 1 1
workup_fitness/domain/user/repository.go:25.49,27.2 1 1
workup_fitness/domain/user/repository.go:29.84,34.16 2 1
workup_fitness/domain/user/repository.go:34.16,36.33 2 1
workup_fitness/domain/user/repository.go:36.33,37.47 1 1
workup_fitness/domain/user/repository.go:37.47,39.5 1 1
workup_fitness/domain/user/repository.go:41.3,41.16 1 0
workup_fitness/domain/user/repository.go:44.2,45.16 2 1
workup_fitness/domain/user/repository.go:45.16,47.3 1 0
workup_fitness/domain/user/repository.go:48.2,48.21 1 1
workup_fitness/domain/user/repository.go:51.83,58.16 4 1
workup_fitness/domain/user/repository.go:58.16,59.36 1 1
workup_fitness/domain/user/repository.go:59.36,61.4 1 1
workup_fitness/domain/user/repository.go:62.3,62.18 1 0
workup_fitness/domain/user/repository.go:64.2,64.19 1 1
workup_fitness/domain/user/repository.go:67.98,74.16 4 1
workup_fitness/domain/user/repository.go:74.16,75.36 1 1
workup_fitness/domain/user/repository.go:75.36,77.4 1 1
workup_fitness/domain/user/repository.go:78.3,78.18 1 0
workup_fitness/domain/user/repository.go:80.2,80.19 1 1
workup_fitness/domain/user/repository.go:83.77,88.16 2 1
workup_fitness/domain/user/repository.go:88.16,90.33 2 1
workup_fitness/domain/user/repository.go:90.33,91.47 1 1
workup_fitness/domain/user/repository.go:91.47,93.5 1 1
workup_fitness/domain/user/repository.go:95.3,95.13 1 0
workup_fitness/domain/user/repository.go:97.2,98.16 2 1
workup_fitness/domain/user/repository.go:98.16,100.3 1 0
workup_fitness/domain/user/repository.go:101.2,101.15 1 1
workup_fitness/domain/user/repository.go:101.15,103.3 1 1
workup_fitness/domain/user/repository.go:105.2,105.12 1 1
workup_fitness/domain/user/repository.go:108.73,113.16 2 1
workup_fitness/domain/user/repository.go:113.16,115.3 1 0
workup_fitness/domain/user/repository.go:116.2,117.16 2 1
workup_fitness/domain/user/repository.go:117.16,119.3 1 0
workup_fitness/domain/user/repository.go:120.2,120.15 1 1
workup_fitness/domain/user/repository.go:120.15,122.3 1 1
workup_fitness/domain/user/repository.go:124.2,124.12 1 1
workup_fitness/domain/user/router.go:10.47,12.29 2 0
workup_fitness/domain/user/router.go:12.29,17.3 4 0
workup_fitness/domain/user/service.go:24.47,27.2 2 1
workup_fitness/domain/user/service.go:29.97,33.20 3 1
workup_fitness/domain/user/service.go:33.20,35.3 1 1
workup_fitness/domain/user/service.go:36.2,36.24 1 1
workup_fitness/domain/user/service.go:36.24,38.3 1 1
workup_fitness/domain/user/service.go:39.2,41.16 3 1
workup_fitness/domain/user/service.go:41.16,43.3 1 0
workup_fitness/domain/user/service.go:44.2,45.18 2 1
workup_fitness/domain/user/service.go:48.75,52.2 3 1
workup_fitness/domain/user/service.go:54.90,58.2 3 1
workup_fitness/domain/user/service.go:60.69,64.52 3 1
workup_fitness/domain/user/service.go:64.52,66.3 1 1
workup_fitness/domain/user/service.go:68.2,68.33 1 1
workup_fitness/domain/user/service.go:71.65,75.2 3 1
workup_fitness/domain/auth/handler.go:25.67,27.2 1 1
workup_fitness/domain/auth/handler.go:29.79,34.16 3 1
workup_fitness/domain/auth/handler.go:34.16,36.3 1 0
workup_fitness/domain/auth/handler.go:37.2,45.18 2 1
workup_fitness/domain/auth/handler.go:48.68,49.33 1 1
workup_fitness/domain/auth/handler.go:49.33,52.3 2 1
workup_fitness/domain/auth/handler.go:54.2,56.61 2 1
workup_fitness/domain/auth/handler.go:56.61,59.3 2 1
workup_fitness/domain/auth/handler.go:61.2,62.16 2 1
workup_fitness/domain/auth/handler.go:62.16,65.3 2 1
workup_fitness/domain/auth/handler.go:67.2,68.16 2 1
workup_fitness/domain/auth/handler.go:68.16,71.3 2 0
workup_fitness/domain/auth/handler.go:73.2,74.56 2 1
workup_fitness/domain/auth/handler.go:74.56,77.3 2 0
workup_fitness/domain/auth/handler.go:80.65,81.33 1 1
workup_fitness/domain/auth/handler.go:81.33,84.3 2 1
workup_fitness/domain/auth/handler.go:86.2,88.61 2 1
workup_fitness/domain/auth/handler.go:88.61,91.3 2 1
workup_fitness/domain/auth/handler.go:93.2,94.16 2 1
workup_fitness/domain/auth/handler.go:94.16,97.3 2 1
workup_fitness/domain/auth/handler.go:99.2,100.16 2 1
workup_fitness/domain/auth/handler.go:100.16,103.3 2 0
workup_fitness/domain/auth/handler.go:105.2,106.56 2 1
workup_fitness/domain/auth/handler.go:106.56,109.3 2 0
workup_fitness/domain/auth/router.go:7.47,10.2 2 0
workup_fitness/domain/auth/service.go:28.51,30.2 1 1
workup_fitness/domain/auth/service.go:32.100,33.20 1 1
workup_fitness/domain/auth/service.go:33.20,35.3 1 1
workup_fitness/domain/auth/service.go:36.2,36.20 1 1
workup_fitness/domain/auth/service.go:36.20,38.3 1 1
workup_fitness/domain/auth/service.go:40.2,41.16 2 1
workup_fitness/domain/auth/service.go:41.16,43.3 1 0
workup_fitness/domain/auth/service.go:45.2,46.16 2 1
workup_fitness/domain/auth/service.go:46.16,48.3 1 1
workup_fitness/domain/auth/service.go:50.2,50.18 1 1
workup_fitness/domain/auth/service.go:53.97,55.16 2 1
workup_fitness/domain/auth/service.go:55.16,57.3 1 1
workup_fitness/domain/auth/service.go:59.2,60.16 2 1
workup_fitness/domain/auth/service.go:60.16,62.3 1 1
workup_fitness/domain/auth/service.go:64.2,64.18 1 1
